<?xml version="1.0" encoding="UTF-8"?>
<coverage generated="1666196839442" clover="3.2.0">
  <project timestamp="1666196839443" name="All files">
    <metrics statements="45" coveredstatements="12" conditionals="0" coveredconditionals="0" methods="9" coveredmethods="2" elements="54" coveredelements="14" complexity="0" loc="45" ncloc="45" packages="1" files="3" classes="3"/>
    <file name="Requests.js" path="C:\Users\USER\Desktop\MICROVERSE\Module 2\week 5\Capstone-II\src\modules\Requests.js">
      <metrics statements="9" coveredstatements="1" conditionals="0" coveredconditionals="0" methods="2" coveredmethods="0"/>
      <line num="3" count="1" type="stmt"/>
      <line num="7" count="0" type="stmt"/>
      <line num="8" count="0" type="stmt"/>
      <line num="16" count="0" type="stmt"/>
      <line num="18" count="0" type="stmt"/>
      <line num="23" count="0" type="stmt"/>
      <line num="24" count="0" type="stmt"/>
      <line num="25" count="0" type="stmt"/>
      <line num="27" count="0" type="stmt"/>
    </file>
    <file name="commentpop.js" path="C:\Users\USER\Desktop\MICROVERSE\Module 2\week 5\Capstone-II\src\modules\commentpop.js">
      <metrics statements="34" coveredstatements="9" conditionals="0" coveredconditionals="0" methods="6" coveredmethods="1"/>
      <line num="2" count="1" type="stmt"/>
      <line num="4" count="1" type="stmt"/>
      <line num="6" count="1" type="stmt"/>
      <line num="7" count="0" type="stmt"/>
      <line num="8" count="0" type="stmt"/>
      <line num="9" count="0" type="stmt"/>
      <line num="10" count="0" type="stmt"/>
      <line num="11" count="0" type="stmt"/>
      <line num="78" count="0" type="stmt"/>
      <line num="79" count="0" type="stmt"/>
      <line num="80" count="0" type="stmt"/>
      <line num="81" count="0" type="stmt"/>
      <line num="82" count="0" type="stmt"/>
      <line num="83" count="0" type="stmt"/>
      <line num="85" count="0" type="stmt"/>
      <line num="86" count="0" type="stmt"/>
      <line num="87" count="0" type="stmt"/>
      <line num="91" count="1" type="stmt"/>
      <line num="92" count="0" type="stmt"/>
      <line num="93" count="0" type="stmt"/>
      <line num="94" count="0" type="stmt"/>
      <line num="95" count="0" type="stmt"/>
      <line num="98" count="0" type="stmt"/>
      <line num="99" count="0" type="stmt"/>
      <line num="100" count="0" type="stmt"/>
      <line num="101" count="0" type="stmt"/>
      <line num="108" count="0" type="stmt"/>
      <line num="109" count="0" type="stmt"/>
      <line num="113" count="0" type="stmt"/>
      <line num="116" count="1" type="stmt"/>
      <line num="117" count="2" type="stmt"/>
      <line num="118" count="2" type="stmt"/>
      <line num="119" count="5" type="stmt"/>
      <line num="121" count="2" type="stmt"/>
    </file>
    <file name="items.js" path="C:\Users\USER\Desktop\MICROVERSE\Module 2\week 5\Capstone-II\src\modules\items.js">
      <metrics statements="2" coveredstatements="2" conditionals="0" coveredconditionals="0" methods="1" coveredmethods="1"/>
      <line num="1" count="1" type="stmt"/>
      <line num="2" count="1" type="stmt"/>
    </file>
  </project>
</coverage>
