{"C:\\Users\\USER\\Desktop\\MICROVERSE\\Module 2\\week 5\\Capstone-II\\src\\modules\\Requests.js": {"path":"C:\\Users\\USER\\Desktop\\MICROVERSE\\Module 2\\week 5\\Capstone-II\\src\\modules\\Requests.js","statementMap":{"0":{"start":{"line":3,"column":27},"end":{"line":3,"column":43}},"1":{"start":{"line":7,"column":4},"end":{"line":19,"column":5}},"2":{"start":{"line":8,"column":18},"end":{"line":15,"column":7}},"3":{"start":{"line":16,"column":6},"end":{"line":16,"column":30}},"4":{"start":{"line":18,"column":6},"end":{"line":18,"column":23}},"5":{"start":{"line":23,"column":4},"end":{"line":28,"column":5}},"6":{"start":{"line":24,"column":19},"end":{"line":24,"column":68}},"7":{"start":{"line":25,"column":6},"end":{"line":25,"column":25}},"8":{"start":{"line":27,"column":6},"end":{"line":27,"column":23}}},"fnMap":{"0":{"name":"(anonymous_0)","decl":{"start":{"line":6,"column":2},"end":{"line":6,"column":3}},"loc":{"start":{"line":6,"column":46},"end":{"line":20,"column":3}},"line":6},"1":{"name":"(anonymous_1)","decl":{"start":{"line":22,"column":2},"end":{"line":22,"column":3}},"loc":{"start":{"line":22,"column":30},"end":{"line":29,"column":3}},"line":22}},"branchMap":{},"s":{"0":1,"1":0,"2":0,"3":0,"4":0,"5":0,"6":0,"7":0,"8":0},"f":{"0":0,"1":0},"b":{},"_coverageSchema":"1a1c01bbd47fc00a2c39e90264f33305004495a9","hash":"1b37def61aa9ff85820a945a50c7fbd8de048ae9"}
,"C:\\Users\\USER\\Desktop\\MICROVERSE\\Module 2\\week 5\\Capstone-II\\src\\modules\\commentpop.js": {"path":"C:\\Users\\USER\\Desktop\\MICROVERSE\\Module 2\\week 5\\Capstone-II\\src\\modules\\commentpop.js","statementMap":{"0":{"start":{"line":2,"column":19},"end":{"line":2,"column":21}},"1":{"start":{"line":4,"column":27},"end":{"line":4,"column":43}},"2":{"start":{"line":6,"column":16},"end":{"line":89,"column":1}},"3":{"start":{"line":7,"column":20},"end":{"line":7,"column":60}},"4":{"start":{"line":8,"column":16},"end":{"line":8,"column":39}},"5":{"start":{"line":9,"column":13},"end":{"line":9,"column":35}},"6":{"start":{"line":10,"column":2},"end":{"line":10,"column":35}},"7":{"start":{"line":11,"column":2},"end":{"line":76,"column":14}},"8":{"start":{"line":78,"column":2},"end":{"line":84,"column":5}},"9":{"start":{"line":79,"column":4},"end":{"line":79,"column":23}},"10":{"start":{"line":80,"column":21},"end":{"line":80,"column":56}},"11":{"start":{"line":81,"column":20},"end":{"line":81,"column":54}},"12":{"start":{"line":82,"column":19},"end":{"line":82,"column":23}},"13":{"start":{"line":83,"column":4},"end":{"line":83,"column":60}},"14":{"start":{"line":85,"column":2},"end":{"line":88,"column":5}},"15":{"start":{"line":86,"column":4},"end":{"line":86,"column":23}},"16":{"start":{"line":87,"column":4},"end":{"line":87,"column":37}},"17":{"start":{"line":91,"column":17},"end":{"line":114,"column":1}},"18":{"start":{"line":92,"column":2},"end":{"line":92,"column":20}},"19":{"start":{"line":93,"column":13},"end":{"line":93,"column":15}},"20":{"start":{"line":94,"column":2},"end":{"line":112,"column":3}},"21":{"start":{"line":95,"column":21},"end":{"line":97,"column":5}},"22":{"start":{"line":98,"column":21},"end":{"line":98,"column":40}},"23":{"start":{"line":99,"column":4},"end":{"line":106,"column":7}},"24":{"start":{"line":100,"column":6},"end":{"line":100,"column":33}},"25":{"start":{"line":101,"column":6},"end":{"line":105,"column":25}},"26":{"start":{"line":108,"column":19},"end":{"line":108,"column":51}},"27":{"start":{"line":109,"column":4},"end":{"line":111,"column":25}},"28":{"start":{"line":113,"column":2},"end":{"line":113,"column":14}},"29":{"start":{"line":116,"column":17},"end":{"line":122,"column":1}},"30":{"start":{"line":117,"column":14},"end":{"line":117,"column":15}},"31":{"start":{"line":118,"column":2},"end":{"line":120,"column":3}},"32":{"start":{"line":118,"column":15},"end":{"line":118,"column":16}},"33":{"start":{"line":119,"column":4},"end":{"line":119,"column":12}},"34":{"start":{"line":121,"column":2},"end":{"line":121,"column":15}}},"fnMap":{"0":{"name":"(anonymous_0)","decl":{"start":{"line":6,"column":16},"end":{"line":6,"column":17}},"loc":{"start":{"line":6,"column":32},"end":{"line":89,"column":1}},"line":6},"1":{"name":"(anonymous_1)","decl":{"start":{"line":78,"column":59},"end":{"line":78,"column":60}},"loc":{"start":{"line":78,"column":66},"end":{"line":84,"column":3}},"line":78},"2":{"name":"(anonymous_2)","decl":{"start":{"line":85,"column":63},"end":{"line":85,"column":64}},"loc":{"start":{"line":85,"column":70},"end":{"line":88,"column":3}},"line":85},"3":{"name":"(anonymous_3)","decl":{"start":{"line":91,"column":17},"end":{"line":91,"column":18}},"loc":{"start":{"line":91,"column":31},"end":{"line":114,"column":1}},"line":91},"4":{"name":"(anonymous_4)","decl":{"start":{"line":99,"column":21},"end":{"line":99,"column":22}},"loc":{"start":{"line":99,"column":34},"end":{"line":106,"column":5}},"line":99},"5":{"name":"(anonymous_5)","decl":{"start":{"line":116,"column":17},"end":{"line":116,"column":18}},"loc":{"start":{"line":116,"column":26},"end":{"line":122,"column":1}},"line":116}},"branchMap":{},"s":{"0":1,"1":1,"2":1,"3":0,"4":0,"5":0,"6":0,"7":0,"8":0,"9":0,"10":0,"11":0,"12":0,"13":0,"14":0,"15":0,"16":0,"17":1,"18":0,"19":0,"20":0,"21":0,"22":0,"23":0,"24":0,"25":0,"26":0,"27":0,"28":0,"29":1,"30":2,"31":2,"32":2,"33":5,"34":2},"f":{"0":0,"1":0,"2":0,"3":0,"4":0,"5":2},"b":{},"_coverageSchema":"1a1c01bbd47fc00a2c39e90264f33305004495a9","hash":"8e20769ccdf324c55e2a8d822bec37a22c3ca3bd"}
}
